<?xml version="1.0" encoding="UTF-8"?>
<testsuites>
  <testsuite name="fastlane.lanes">
    
    
    
      
      <testcase classname="fastlane.lanes" name="0: default_platform" time="0.000213">
        
      </testcase>
    
      
      <testcase classname="fastlane.lanes" name="1: flutter clean" time="7.640332">
        
      </testcase>
    
      
      <testcase classname="fastlane.lanes" name="2: flutter build apk --release --no-tree-shake-icons" time="36.787563">
        
          <failure message="/Users/madney/.rvm/gems/ruby-3.0.0/gems/fastlane-2.228.0/fastlane/lib/fastlane/actions/actions_helper.rb:67:in `execute_action&apos;&#10;/Users/madney/.rvm/gems/ruby-3.0.0/gems/fastlane-2.228.0/fastlane/lib/fastlane/fast_file.rb:224:in `sh&apos;&#10;/Users/madney/.rvm/gems/ruby-3.0.0/gems/fastlane-2.228.0/fastlane/lib/fastlane/fast_file.rb:216:in `sh&apos;&#10;Fastfile:22:in `block (2 levels) in parsing_binding&apos;&#10;/Users/madney/.rvm/gems/ruby-3.0.0/gems/fastlane-2.228.0/fastlane/lib/fastlane/lane.rb:41:in `call&apos;&#10;/Users/madney/.rvm/gems/ruby-3.0.0/gems/fastlane-2.228.0/fastlane/lib/fastlane/runner.rb:49:in `block in execute&apos;&#10;/Users/madney/.rvm/gems/ruby-3.0.0/gems/fastlane-2.228.0/fastlane/lib/fastlane/runner.rb:45:in `chdir&apos;&#10;/Users/madney/.rvm/gems/ruby-3.0.0/gems/fastlane-2.228.0/fastlane/lib/fastlane/runner.rb:45:in `execute&apos;&#10;/Users/madney/.rvm/gems/ruby-3.0.0/gems/fastlane-2.228.0/fastlane/lib/fastlane/lane_manager.rb:46:in `cruise_lane&apos;&#10;/Users/madney/.rvm/gems/ruby-3.0.0/gems/fastlane-2.228.0/fastlane/lib/fastlane/command_line_handler.rb:34:in `handle&apos;&#10;/Users/madney/.rvm/gems/ruby-3.0.0/gems/fastlane-2.228.0/fastlane/lib/fastlane/commands_generator.rb:110:in `block (2 levels) in run&apos;&#10;/Users/madney/.rvm/rubies/ruby-3.0.0/lib/ruby/gems/3.0.0/gems/commander-4.6.0/lib/commander/command.rb:187:in `call&apos;&#10;/Users/madney/.rvm/rubies/ruby-3.0.0/lib/ruby/gems/3.0.0/gems/commander-4.6.0/lib/commander/command.rb:157:in `run&apos;&#10;/Users/madney/.rvm/rubies/ruby-3.0.0/lib/ruby/gems/3.0.0/gems/commander-4.6.0/lib/commander/runner.rb:444:in `run_active_command&apos;&#10;/Users/madney/.rvm/gems/ruby-3.0.0/gems/fastlane-2.228.0/fastlane_core/lib/fastlane_core/ui/fastlane_runner.rb:124:in `run!&apos;&#10;/Users/madney/.rvm/rubies/ruby-3.0.0/lib/ruby/gems/3.0.0/gems/commander-4.6.0/lib/commander/delegates.rb:18:in `run!&apos;&#10;/Users/madney/.rvm/gems/ruby-3.0.0/gems/fastlane-2.228.0/fastlane/lib/fastlane/commands_generator.rb:363:in `run&apos;&#10;/Users/madney/.rvm/gems/ruby-3.0.0/gems/fastlane-2.228.0/fastlane/lib/fastlane/commands_generator.rb:43:in `start&apos;&#10;/Users/madney/.rvm/gems/ruby-3.0.0/gems/fastlane-2.228.0/fastlane/lib/fastlane/cli_tools_distributor.rb:123:in `take_off&apos;&#10;/Users/madney/.rvm/gems/ruby-3.0.0/gems/fastlane-2.228.0/bin/fastlane:23:in `&lt;top (required)&gt;&apos;&#10;/Users/madney/.rvm/gems/ruby-3.0.0/bin/fastlane:23:in `load&apos;&#10;/Users/madney/.rvm/gems/ruby-3.0.0/bin/fastlane:23:in `&lt;main&gt;&apos;&#10;&#10;Exit status of command &apos;flutter build apk --release --no-tree-shake-icons&apos; was 1 instead of 0.&#10;Changing current working directory to: /Users/madney/Desktop/Flutter Projects/cicd&#10;Resolving dependencies...&#10;Downloading packages...&#10;  async 2.12.0 (2.13.0 available)&#10;  characters 1.4.0 (1.4.1 available)&#10;  fake_async 1.3.2 (1.3.3 available)&#10;  flutter_lints 5.0.0 (6.0.0 available)&#10;  leak_tracker 10.0.8 (11.0.1 available)&#10;  leak_tracker_flutter_testing 3.0.9 (3.0.10 available)&#10;  leak_tracker_testing 3.0.1 (3.0.2 available)&#10;  lints 5.1.1 (6.0.0 available)&#10;  material_color_utilities 0.11.1 (0.13.0 available)&#10;  meta 1.16.0 (1.17.0 available)&#10;  test_api 0.7.4 (0.7.7 available)&#10;  vector_math 2.1.4 (2.2.0 available)&#10;  vm_service 14.3.1 (15.0.2 available)&#10;Got dependencies!&#10;13 packages have newer versions incompatible with dependency constraints.&#10;Try `flutter pub outdated` for more information.&#10;&#10;Running Gradle task &apos;assembleRelease&apos;...                        &#10;Your project is configured with Android NDK 26.3.11579264, but the following plugin(s) depend on a different Android NDK version:&#10;- firebase_core requires Android NDK 27.0.12077973&#10;Fix this issue by using the highest Android NDK version (they are backward compatible).&#10;Add the following to /Users/madney/Desktop/Flutter Projects/cicd/android/app/build.gradle.kts:&#10;&#10;    android {&#10;        ndkVersion = &quot;27.0.12077973&quot;&#10;        ...&#10;    }&#10;&#10;/Users/madney/Desktop/Flutter Projects/cicd/android/app/src/main/AndroidManifest.xml Error:&#10;	uses-sdk:minSdkVersion 21 cannot be smaller than version 23 declared in library [:firebase_core] /Users/madney/Desktop/Flutter Projects/cicd/build/firebase_core/intermediates/merged_manifest/release/processReleaseManifest/AndroidManifest.xml as the library might be using APIs not available in 21&#10;	Suggestion: use a compatible library with a minSdk of at most 21,&#10;		or increase this project&apos;s minSdk version to at least 23,&#10;		or use tools:overrideLibrary=&quot;io.flutter.plugins.firebase.core&quot; to force usage (may lead to runtime failures)&#10;&#10;FAILURE: Build failed with an exception.&#10;&#10;* What went wrong:&#10;Execution failed for task &apos;:app:processReleaseMainManifest&apos;.&#10;&gt; Manifest merger failed : uses-sdk:minSdkVersion 21 cannot be smaller than version 23 declared in library [:firebase_core] /Users/madney/Desktop/Flutter Projects/cicd/build/firebase_core/intermediates/merged_manifest/release/processReleaseManifest/AndroidManifest.xml as the library might be using APIs not available in 21&#10;  	Suggestion: use a compatible library with a minSdk of at most 21,&#10;  		or increase this project&apos;s minSdk version to at least 23,&#10;  		or use tools:overrideLibrary=&quot;io.flutter.plugins.firebase.core&quot; to force usage (may lead to runtime failures)&#10;&#10;* Try:&#10;&gt; Run with --stacktrace option to get the stack trace.&#10;&gt; Run with --info or --debug option to get more log output.&#10;&gt; Run with --scan to get full insights.&#10;&gt; Get more help at https://help.gradle.org.&#10;&#10;BUILD FAILED in 33s&#10;Running Gradle task &apos;assembleRelease&apos;...                           34.8s&#10;&#10;┌─ Flutter Fix ─────────────────────────────────────────────────────────────────────────────────┐&#10;│ The plugin firebase_core requires a higher Android SDK version.                               │&#10;│ Fix this issue by adding the following to the file /Users/madney/Desktop/Flutter              │&#10;│ Projects/cicd/android/app/build.gradle:                                                       │&#10;│ android {                                                                                     │&#10;│   defaultConfig {                                                                             │&#10;│     minSdkVersion 23                                                                          │&#10;│   }                                                                                           │&#10;│ }                                                                                             │&#10;│                                                                                               │&#10;│ Following this change, your app will not be available to users running Android SDKs below 23. │&#10;│ Consider searching for a version of this plugin that supports these lower versions of the     │&#10;│ Android SDK instead.                                                                          │&#10;│ For more information, see: https://flutter.dev/to/review-gradle-config                        │&#10;└───────────────────────────────────────────────────────────────────────────────────────────────┘&#10;Gradle task assembleRelease failed with exit code 1&#10;" />
        
      </testcase>
    
  </testsuite>
</testsuites>
